# JRE version: 7.0_25-b15
# Java VM: Java HotSpot(TM) 64-Bit Server VM (23.25-b01 mixed mode linux-amd64 compressed oops)
Heap
 PSYoungGen      total 819904K, used 515526K [0x00000007ac760000, 0x0000000800000000, 0x0000000800000000)
  eden space 430848K, 35% used [0x00000007ac760000,0x00000007b5d1eef0,0x00000007c6c20000)
  from space 389056K, 93% used [0x00000007e2160000,0x00000007f8312c30,0x00000007f9d50000)
  to   space 447744K, 0% used [0x00000007c6c20000,0x00000007c6c20000,0x00000007e2160000)
 ParOldGen       total 513984K, used 31691K [0x0000000705600000, 0x0000000724bf0000, 0x00000007ac760000)
  object space 513984K, 6% used [0x0000000705600000,0x00000007074f2f58,0x0000000724bf0000)
 PSPermGen       total 21248K, used 6028K [0x0000000700400000, 0x00000007018c0000, 0x0000000705600000)
  object space 21248K, 28% used [0x0000000700400000,0x00000007009e32e0,0x00000007018c0000)
GC Heap History (10 events):
Event: 2,440 GC heap before
{Heap before GC invocations=19 (full 6):
 PSYoungGen      total 567744K, used 512552K [0x00000007ac760000, 0x00000007e5320000, 0x0000000800000000)
  eden space 283904K, 99% used [0x00000007ac760000,0x00000007bdc7f660,0x00000007bdca0000)
  from space 283840K, 80% used [0x00000007d0d50000,0x00000007decba9f0,0x00000007e2280000)
  to   space 312000K, 0% used [0x00000007bdca0000,0x00000007bdca0000,0x00000007d0d50000)
 ParOldGen       total 843072K, used 399315K [0x0000000705600000, 0x0000000738d50000, 0x00000007ac760000)
  object space 843072K, 47% used [0x0000000705600000,0x000000071dbf4fc8,0x0000000738d50000)
 PSPermGen       total 21248K, used 6026K [0x0000000700400000, 0x00000007018c0000, 0x0000000705600000)
  object space 21248K, 28% used [0x0000000700400000,0x00000007009e2a80,0x00000007018c0000)
Event: 2,532 GC heap after
Heap after GC invocations=19 (full 6):
 PSYoungGen      total 595904K, used 311820K [0x00000007ac760000, 0x00000007f09a0000, 0x0000000800000000)
  eden space 283904K, 0% used [0x00000007ac760000,0x00000007ac760000,0x00000007bdca0000)
  from space 312000K, 99% used [0x00000007bdca0000,0x00000007d0d23190,0x00000007d0d50000)
  to   space 364736K, 0% used [0x00000007da570000,0x00000007da570000,0x00000007f09a0000)
 ParOldGen       total 843072K, used 600026K [0x0000000705600000, 0x0000000738d50000, 0x00000007ac760000)
  object space 843072K, 71% used [0x0000000705600000,0x0000000729ff6ac8,0x0000000738d50000)
 PSPermGen       total 21248K, used 6026K [0x0000000700400000, 0x00000007018c0000, 0x0000000705600000)
  object space 21248K, 28% used [0x0000000700400000,0x00000007009e2a80,0x00000007018c0000)
}
Event: 2,571 GC heap before
{Heap before GC invocations=20 (full 6):
 PSYoungGen      total 595904K, used 595599K [0x00000007ac760000, 0x00000007f09a0000, 0x0000000800000000)
  eden space 283904K, 99% used [0x00000007ac760000,0x00000007bdc80c28,0x00000007bdca0000)
  from space 312000K, 99% used [0x00000007bdca0000,0x00000007d0d23190,0x00000007d0d50000)
  to   space 364736K, 0% used [0x00000007da570000,0x00000007da570000,0x00000007f09a0000)
 ParOldGen       total 843072K, used 600026K [0x0000000705600000, 0x0000000738d50000, 0x00000007ac760000)
  object space 843072K, 71% used [0x0000000705600000,0x0000000729ff6ac8,0x0000000738d50000)
 PSPermGen       total 21248K, used 6026K [0x0000000700400000, 0x00000007018c0000, 0x0000000705600000)
  object space 21248K, 28% used [0x0000000700400000,0x00000007009e2a80,0x00000007018c0000)
Event: 2,611 GC heap after
Heap after GC invocations=20 (full 6):
 PSYoungGen      total 727040K, used 264463K [0x00000007ac760000, 0x00000007f3a70000, 0x0000000800000000)
  eden space 362304K, 0% used [0x00000007ac760000,0x00000007ac760000,0x00000007c2930000)
  from space 364736K, 72% used [0x00000007da570000,0x00000007ea7b3f40,0x00000007f09a0000)
  to   space 389376K, 0% used [0x00000007c2930000,0x00000007c2930000,0x00000007da570000)
 ParOldGen       total 843072K, used 600026K [0x0000000705600000, 0x0000000738d50000, 0x00000007ac760000)
  object space 843072K, 71% used [0x0000000705600000,0x0000000729ff6ac8,0x0000000738d50000)
 PSPermGen       total 21248K, used 6026K [0x0000000700400000, 0x00000007018c0000, 0x0000000705600000)
  object space 21248K, 28% used [0x0000000700400000,0x00000007009e2a80,0x00000007018c0000)
}
Event: 2,656 GC heap before
{Heap before GC invocations=21 (full 6):
 PSYoungGen      total 727040K, used 626588K [0x00000007ac760000, 0x00000007f3a70000, 0x0000000800000000)
  eden space 362304K, 99% used [0x00000007ac760000,0x00000007c29032e0,0x00000007c2930000)
  from space 364736K, 72% used [0x00000007da570000,0x00000007ea7b3f40,0x00000007f09a0000)
  to   space 389376K, 0% used [0x00000007c2930000,0x00000007c2930000,0x00000007da570000)
 ParOldGen       total 843072K, used 600026K [0x0000000705600000, 0x0000000738d50000, 0x00000007ac760000)
  object space 843072K, 71% used [0x0000000705600000,0x0000000729ff6ac8,0x0000000738d50000)
 PSPermGen       total 21248K, used 6026K [0x0000000700400000, 0x00000007018c0000, 0x0000000705600000)
  object space 21248K, 28% used [0x0000000700400000,0x00000007009e2bc0,0x00000007018c0000)
Event: 2,676 GC heap after
Heap after GC invocations=21 (full 6):
 PSYoungGen      total 751680K, used 9280K [0x00000007ac760000, 0x00000007f9d50000, 0x0000000800000000)
  eden space 362304K, 0% used [0x00000007ac760000,0x00000007ac760000,0x00000007c2930000)
  from space 389376K, 2% used [0x00000007c2930000,0x00000007c3240160,0x00000007da570000)
  to   space 389056K, 0% used [0x00000007e2160000,0x00000007e2160000,0x00000007f9d50000)
 ParOldGen       total 843072K, used 704832K [0x0000000705600000, 0x0000000738d50000, 0x00000007ac760000)
  object space 843072K, 83% used [0x0000000705600000,0x0000000730650318,0x0000000738d50000)
 PSPermGen       total 21248K, used 6026K [0x0000000700400000, 0x00000007018c0000, 0x0000000705600000)
  object space 21248K, 28% used [0x0000000700400000,0x00000007009e2bc0,0x00000007018c0000)
}
Event: 2,676 GC heap before
{Heap before GC invocations=22 (full 7):
 PSYoungGen      total 751680K, used 9280K [0x00000007ac760000, 0x00000007f9d50000, 0x0000000800000000)
  eden space 362304K, 0% used [0x00000007ac760000,0x00000007ac760000,0x00000007c2930000)
  from space 389376K, 2% used [0x00000007c2930000,0x00000007c3240160,0x00000007da570000)
  to   space 389056K, 0% used [0x00000007e2160000,0x00000007e2160000,0x00000007f9d50000)
 ParOldGen       total 843072K, used 704832K [0x0000000705600000, 0x0000000738d50000, 0x00000007ac760000)
  object space 843072K, 83% used [0x0000000705600000,0x0000000730650318,0x0000000738d50000)
 PSPermGen       total 21248K, used 6026K [0x0000000700400000, 0x00000007018c0000, 0x0000000705600000)
  object space 21248K, 28% used [0x0000000700400000,0x00000007009e2bc0,0x00000007018c0000)
Event: 2,706 GC heap after
Heap after GC invocations=22 (full 7):
 PSYoungGen      total 751680K, used 0K [0x00000007ac760000, 0x00000007f9d50000, 0x0000000800000000)
  eden space 362304K, 0% used [0x00000007ac760000,0x00000007ac760000,0x00000007c2930000)
  from space 389376K, 0% used [0x00000007c2930000,0x00000007c2930000,0x00000007da570000)
  to   space 389056K, 0% used [0x00000007e2160000,0x00000007e2160000,0x00000007f9d50000)
 ParOldGen       total 513984K, used 31691K [0x0000000705600000, 0x0000000724bf0000, 0x00000007ac760000)
  object space 513984K, 6% used [0x0000000705600000,0x00000007074f2f58,0x0000000724bf0000)
 PSPermGen       total 21248K, used 6026K [0x0000000700400000, 0x00000007018c0000, 0x0000000705600000)
  object space 21248K, 28% used [0x0000000700400000,0x00000007009e2bc0,0x00000007018c0000)
}
Event: 2,752 GC heap before
{Heap before GC invocations=23 (full 7):
 PSYoungGen      total 751680K, used 362145K [0x00000007ac760000, 0x00000007f9d50000, 0x0000000800000000)
  eden space 362304K, 99% used [0x00000007ac760000,0x00000007c2908728,0x00000007c2930000)
  from space 389376K, 0% used [0x00000007c2930000,0x00000007c2930000,0x00000007da570000)
  to   space 389056K, 0% used [0x00000007e2160000,0x00000007e2160000,0x00000007f9d50000)
 ParOldGen       total 513984K, used 31691K [0x0000000705600000, 0x0000000724bf0000, 0x00000007ac760000)
  object space 513984K, 6% used [0x0000000705600000,0x00000007074f2f58,0x0000000724bf0000)
 PSPermGen       total 21248K, used 6026K [0x0000000700400000, 0x00000007018c0000, 0x0000000705600000)
  object space 21248K, 28% used [0x0000000700400000,0x00000007009e2bc0,0x00000007018c0000)
Event: 2,813 GC heap after
Heap after GC invocations=23 (full 7):
 PSYoungGen      total 819904K, used 362187K [0x00000007ac760000, 0x0000000800000000, 0x0000000800000000)
  eden space 430848K, 0% used [0x00000007ac760000,0x00000007ac760000,0x00000007c6c20000)
  from space 389056K, 93% used [0x00000007e2160000,0x00000007f8312c30,0x00000007f9d50000)
  to   space 447744K, 0% used [0x00000007c6c20000,0x00000007c6c20000,0x00000007e2160000)
 ParOldGen       total 513984K, used 31691K [0x0000000705600000, 0x0000000724bf0000, 0x00000007ac760000)
  object space 513984K, 6% used [0x0000000705600000,0x00000007074f2f58,0x0000000724bf0000)
 PSPermGen       total 21248K, used 6026K [0x0000000700400000, 0x00000007018c0000, 0x0000000705600000)
  object space 21248K, 28% used [0x0000000700400000,0x00000007009e2bc0,0x00000007018c0000)
}

